<?xml version="1.0" encoding="UTF-8"?>
<!-- Generated by org.testng.reporters.JUnitReportReporter -->
<testsuite hostname="Yuvarajesh" failures="0" tests="1" name="com.test.web.LoginTest" time="48.649" errors="0" timestamp="2025-01-17T15:35:32 IST" skipped="0">
  <testcase classname="com.test.web.LoginTest" name="test1" time="48.649"/>
</testsuite> <!-- com.test.web.LoginTest -->
